<?xml version="1.0" encoding="UTF-8"?>
<!-- Generated by org.testng.reporters.JUnitReportReporter -->
<testsuite hostname="DESKTOP-O8O2H67" failures="0" tests="1" name="amazon_Testcases.Testcase2" time="16.764" errors="0" timestamp="2024-10-02T23:57:49 IST" skipped="0">
  <testcase classname="amazon_Testcases.Testcase2" name="searching" time="16.764"/>
  <system-out/>
</testsuite> <!-- amazon_Testcases.Testcase2 -->
