<?xml version="1.0" encoding="UTF-8"?>
<!-- Generated by org.testng.reporters.JUnitReportReporter -->
<testsuite hostname="DESKTOP-O8O2H67" failures="0" tests="1" name="amazon_Testcases.Testcase2" time="16.727" errors="0" timestamp="2024-10-03T00:28:58 IST" skipped="0">
  <testcase classname="amazon_Testcases.Testcase2" name="searching" time="16.727"/>
</testsuite> <!-- amazon_Testcases.Testcase2 -->
